<?xml version="1.0" encoding="UTF-8"?>
<robot generator="Robot 7.0.1 (Python 3.9.6 on darwin)" generated="2024-09-10T17:10:11.028969" rpa="false" schemaversion="5">
<suite id="s1" name="AutomationRobotFramework" source="/Users/fandly/Documents/AutomationRobotFramework">
<suite id="s1-s1" name="TC02-Checkout" source="/Users/fandly/Documents/AutomationRobotFramework/TC02-Checkout.robot">
<test id="s1-s1-t1" name="Success Login As Standard Users" line="9">
<kw name="Given User Already Login in SauceLabs as Standard User">
<kw name="The user open Login Page and Login As a Standrard Users" owner="resource">
<kw name="Open Browser" owner="SeleniumLibrary">
<msg time="2024-09-10T17:10:11.156202" level="INFO">Opening browser 'Chrome' to base url 'https://www.saucedemo.com'.</msg>
<arg>${URL}</arg>
<arg>${BROWSER}</arg>
<doc>Opens a new browser instance to the optional ``url``.</doc>
<status status="PASS" start="2024-09-10T17:10:11.155962" elapsed="5.199894"/>
</kw>
<kw name="Maximize Browser Window" owner="SeleniumLibrary">
<doc>Maximizes current browser window.</doc>
<status status="PASS" start="2024-09-10T17:10:16.357765" elapsed="0.402690"/>
</kw>
<kw name="Set Selenium Speed" owner="SeleniumLibrary">
<arg>0.5s</arg>
<doc>Sets the delay that is waited after each Selenium command.</doc>
<status status="PASS" start="2024-09-10T17:10:16.760910" elapsed="0.001256"/>
</kw>
<kw name="Element Should Be Visible" owner="SeleniumLibrary">
<msg time="2024-09-10T17:10:17.803521" level="INFO">Element 'id:login-button' is displayed.</msg>
<arg>${BUTTON_LOGIN}</arg>
<doc>Verifies that the element identified by ``locator`` is visible.</doc>
<status status="PASS" start="2024-09-10T17:10:16.762600" elapsed="1.044427"/>
</kw>
<kw name="Input Text" owner="SeleniumLibrary">
<msg time="2024-09-10T17:10:17.811450" level="INFO">Typing text 'standard_user' into text field 'id:user-name'.</msg>
<arg>${EDIT_TEXT_USERNAME}</arg>
<arg>${USERNAME}</arg>
<doc>Types the given ``text`` into the text field identified by ``locator``.</doc>
<status status="PASS" start="2024-09-10T17:10:17.809063" elapsed="1.839998"/>
</kw>
<kw name="Input Password" owner="SeleniumLibrary">
<msg time="2024-09-10T17:10:19.651869" level="INFO">Typing password into text field 'id:password'.</msg>
<msg time="2024-09-10T17:10:20.692169" level="INFO">Temporally setting log level to: NONE</msg>
<arg>${EDIT_TEXT_PASSWORD}</arg>
<arg>${PASSWORD}</arg>
<doc>Types the given password into the text field identified by ``locator``.</doc>
<status status="PASS" start="2024-09-10T17:10:19.650531" elapsed="1.613790"/>
</kw>
<kw name="Click Button" owner="SeleniumLibrary">
<msg time="2024-09-10T17:10:21.265995" level="INFO">Clicking button 'id:login-button'.</msg>
<arg>${BUTTON_LOGIN}</arg>
<doc>Clicks the button identified by ``locator``.</doc>
<status status="PASS" start="2024-09-10T17:10:21.265324" elapsed="1.627188"/>
</kw>
<arg>standard_user</arg>
<arg>secret_sauce</arg>
<arg>https://www.saucedemo.com</arg>
<status status="PASS" start="2024-09-10T17:10:11.155734" elapsed="11.737312"/>
</kw>
<status status="PASS" start="2024-09-10T17:10:11.155463" elapsed="11.737705"/>
</kw>
<kw name="Then Cart Button Already Showing in Page">
<kw name="Element Should Be Visible" owner="SeleniumLibrary">
<msg time="2024-09-10T17:10:23.917385" level="INFO">Element 'id:shopping_cart_container' is displayed.</msg>
<arg>${SHOPPING_CART_CONTAINER}</arg>
<doc>Verifies that the element identified by ``locator`` is visible.</doc>
<status status="PASS" start="2024-09-10T17:10:22.896361" elapsed="1.023853"/>
</kw>
<status status="PASS" start="2024-09-10T17:10:22.895813" elapsed="1.024674"/>
</kw>
<status status="PASS" start="2024-09-10T17:10:11.154783" elapsed="12.766384"/>
</test>
<test id="s1-s1-t2" name="Success Logn as Lockout Users" line="13">
<kw name="Given User Already Login in SauceLabs as Lockout User">
<kw name="The user open Login Page and Login As a Standrard Users" owner="resource">
<kw name="Open Browser" owner="SeleniumLibrary">
<msg time="2024-09-10T17:10:23.931063" level="INFO">Opening browser 'Chrome' to base url 'https://www.saucedemo.com'.</msg>
<arg>${URL}</arg>
<arg>${BROWSER}</arg>
<doc>Opens a new browser instance to the optional ``url``.</doc>
<status status="PASS" start="2024-09-10T17:10:23.930445" elapsed="5.231885"/>
</kw>
<kw name="Maximize Browser Window" owner="SeleniumLibrary">
<doc>Maximizes current browser window.</doc>
<status status="PASS" start="2024-09-10T17:10:29.165850" elapsed="0.876602"/>
</kw>
<kw name="Set Selenium Speed" owner="SeleniumLibrary">
<arg>0.5s</arg>
<doc>Sets the delay that is waited after each Selenium command.</doc>
<status status="PASS" start="2024-09-10T17:10:30.043558" elapsed="0.003588"/>
</kw>
<kw name="Element Should Be Visible" owner="SeleniumLibrary">
<msg time="2024-09-10T17:10:31.099046" level="INFO">Element 'id:login-button' is displayed.</msg>
<arg>${BUTTON_LOGIN}</arg>
<doc>Verifies that the element identified by ``locator`` is visible.</doc>
<status status="PASS" start="2024-09-10T17:10:30.047596" elapsed="1.052151"/>
</kw>
<kw name="Input Text" owner="SeleniumLibrary">
<msg time="2024-09-10T17:10:31.101672" level="INFO">Typing text 'locked_out_user' into text field 'id:user-name'.</msg>
<arg>${EDIT_TEXT_USERNAME}</arg>
<arg>${USERNAME}</arg>
<doc>Types the given ``text`` into the text field identified by ``locator``.</doc>
<status status="PASS" start="2024-09-10T17:10:31.100061" elapsed="1.905862"/>
</kw>
<kw name="Input Password" owner="SeleniumLibrary">
<msg time="2024-09-10T17:10:33.008897" level="INFO">Typing password into text field 'id:password'.</msg>
<msg time="2024-09-10T17:10:34.035743" level="INFO">Temporally setting log level to: NONE</msg>
<arg>${EDIT_TEXT_PASSWORD}</arg>
<arg>${PASSWORD}</arg>
<doc>Types the given password into the text field identified by ``locator``.</doc>
<status status="PASS" start="2024-09-10T17:10:33.007360" elapsed="1.596005"/>
</kw>
<kw name="Click Button" owner="SeleniumLibrary">
<msg time="2024-09-10T17:10:34.605455" level="INFO">Clicking button 'id:login-button'.</msg>
<arg>${BUTTON_LOGIN}</arg>
<doc>Clicks the button identified by ``locator``.</doc>
<status status="PASS" start="2024-09-10T17:10:34.604069" elapsed="1.640014"/>
</kw>
<arg>locked_out_user</arg>
<arg>secret_sauce</arg>
<arg>https://www.saucedemo.com</arg>
<status status="PASS" start="2024-09-10T17:10:23.929488" elapsed="12.315191"/>
</kw>
<status status="PASS" start="2024-09-10T17:10:23.928495" elapsed="12.316483"/>
</kw>
<kw name="Then Error message will shown">
<kw name="Element Should Be Visible" owner="SeleniumLibrary">
<msg time="2024-09-10T17:10:37.282837" level="INFO">Element 'class:error-button' is displayed.</msg>
<arg>${ERROR_MESSAGE}</arg>
<doc>Verifies that the element identified by ``locator`` is visible.</doc>
<status status="PASS" start="2024-09-10T17:10:36.248487" elapsed="1.034841"/>
</kw>
<status status="PASS" start="2024-09-10T17:10:36.247522" elapsed="1.036073"/>
</kw>
<status status="PASS" start="2024-09-10T17:10:23.923747" elapsed="13.360213"/>
</test>
<status status="PASS" start="2024-09-10T17:10:11.046356" elapsed="26.238926"/>
</suite>
<status status="PASS" start="2024-09-10T17:10:11.031589" elapsed="26.254839"/>
</suite>
<statistics>
<total>
<stat pass="2" fail="0" skip="0">All Tests</stat>
</total>
<tag>
</tag>
<suite>
<stat pass="2" fail="0" skip="0" id="s1" name="AutomationRobotFramework">AutomationRobotFramework</stat>
<stat pass="2" fail="0" skip="0" id="s1-s1" name="TC02-Checkout">AutomationRobotFramework.TC02-Checkout</stat>
</suite>
</statistics>
<errors>
</errors>
</robot>
